<?xml version="1.0" encoding="UTF-8"?>
<!-- Generated by org.testng.reporters.JUnitXMLReporter -->
<testsuite hostname="LAPTOP-86VQD715" ignored="0" name="Test" tests="6" failures="0" timestamp="16 Feb 2018 21:19:17 GMT" time="0.031" errors="0">
  <testcase name="method5" time="0.016" classname="com.mycompany.app.RestAPITest"/>
  <testcase name="method6" time="0.0" classname="com.mycompany.app.RestAPITest"/>
  <testcase name="enterUrl" time="0.0" classname="com.mycompany.app.SeleniumTest"/>
  <testcase name="invokeWebBrowser" time="0.0" classname="com.mycompany.app.SeleniumTest"/>
  <testcase name="androidApp" time="0.0" classname="com.mycompany.app.AppiumTest"/>
  <testcase name="iOSApp" time="0.0" classname="com.mycompany.app.AppiumTest"/>
</testsuite> <!-- Test -->
