<?xml version="1.0" encoding="UTF-8"?>
<testsuite xmlns:xsi="http://www.w3.org/2001/XMLSchema-instance" xsi:noNamespaceSchemaLocation="https://maven.apache.org/surefire/maven-surefire-plugin/xsd/surefire-test-report.xsd" name="TestSuite" time="0.446" tests="6" errors="0" skipped="0" failures="0">
  <properties>
[...]
</properties>
  <testcase name="method5" classname="com.mycompany.app.RestAPITest" time="0.016"/>
  <testcase name="method6" classname="com.mycompany.app.RestAPITest" time="0"/>
  <testcase name="enterUrl" classname="com.mycompany.app.SeleniumTest" time="0"/>
  <testcase name="invokeWebBrowser" classname="com.mycompany.app.SeleniumTest" time="0"/>
  <testcase name="androidApp" classname="com.mycompany.app.AppiumTest" time="0"/>
  <testcase name="iOSApp" classname="com.mycompany.app.AppiumTest" time="0.016"/>
</testsuite>